  Computer.cpp
  Domino.cpp
D:\CPP_VERSION_Buildup_Collin_Schumacher_Edition-main\Domino.cpp(86,20): warning C4018: '<': signed/unsigned mismatch
D:\CPP_VERSION_Buildup_Collin_Schumacher_Edition-main\Domino.cpp(193,20): warning C4018: '<': signed/unsigned mismatch
D:\CPP_VERSION_Buildup_Collin_Schumacher_Edition-main\Domino.cpp(213,20): warning C4018: '<': signed/unsigned mismatch
D:\CPP_VERSION_Buildup_Collin_Schumacher_Edition-main\Domino.cpp(396,20): warning C4018: '<': signed/unsigned mismatch
D:\CPP_VERSION_Buildup_Collin_Schumacher_Edition-main\Domino.cpp(406,21): warning C4018: '<': signed/unsigned mismatch
D:\CPP_VERSION_Buildup_Collin_Schumacher_Edition-main\Domino.cpp(417,21): warning C4018: '<': signed/unsigned mismatch
D:\CPP_VERSION_Buildup_Collin_Schumacher_Edition-main\Domino.cpp(443,20): warning C4018: '<': signed/unsigned mismatch
  Game.cpp
D:\CPP_VERSION_Buildup_Collin_Schumacher_Edition-main\Game.cpp(199,22): warning C4018: '<': signed/unsigned mismatch
D:\CPP_VERSION_Buildup_Collin_Schumacher_Edition-main\Game.cpp(205,22): warning C4018: '<': signed/unsigned mismatch
D:\CPP_VERSION_Buildup_Collin_Schumacher_Edition-main\Game.cpp(214,22): warning C4018: '<': signed/unsigned mismatch
D:\CPP_VERSION_Buildup_Collin_Schumacher_Edition-main\Game.cpp(223,22): warning C4018: '<': signed/unsigned mismatch
D:\CPP_VERSION_Buildup_Collin_Schumacher_Edition-main\Game.cpp(232,22): warning C4018: '<': signed/unsigned mismatch
D:\CPP_VERSION_Buildup_Collin_Schumacher_Edition-main\Game.cpp(253,22): warning C4018: '<': signed/unsigned mismatch
D:\CPP_VERSION_Buildup_Collin_Schumacher_Edition-main\Game.cpp(272,21): warning C4018: '<': signed/unsigned mismatch
D:\CPP_VERSION_Buildup_Collin_Schumacher_Edition-main\Game.cpp(289,20): warning C4018: '<': signed/unsigned mismatch
D:\CPP_VERSION_Buildup_Collin_Schumacher_Edition-main\Game.cpp(302,20): warning C4018: '<': signed/unsigned mismatch
  headers.cpp
  Human.cpp
  main.cpp
D:\CPP_VERSION_Buildup_Collin_Schumacher_Edition-main\main.cpp(14,12): warning C4244: 'argument': conversion from 'time_t' to 'unsigned int', possible loss of data
  Player.cpp
  Round.cpp
D:\CPP_VERSION_Buildup_Collin_Schumacher_Edition-main\Round.cpp(84,21): warning C4018: '<': signed/unsigned mismatch
D:\CPP_VERSION_Buildup_Collin_Schumacher_Edition-main\Round.cpp(92,21): warning C4018: '<': signed/unsigned mismatch
D:\CPP_VERSION_Buildup_Collin_Schumacher_Edition-main\Round.cpp(114,22): warning C4018: '<': signed/unsigned mismatch
D:\CPP_VERSION_Buildup_Collin_Schumacher_Edition-main\Round.cpp(131,21): warning C4018: '<': signed/unsigned mismatch
D:\CPP_VERSION_Buildup_Collin_Schumacher_Edition-main\Round.cpp(183,22): warning C4018: '<': signed/unsigned mismatch
D:\CPP_VERSION_Buildup_Collin_Schumacher_Edition-main\Round.cpp(400,21): warning C4018: '<': signed/unsigned mismatch
D:\CPP_VERSION_Buildup_Collin_Schumacher_Edition-main\Round.cpp(420,23): warning C4018: '<': signed/unsigned mismatch
D:\CPP_VERSION_Buildup_Collin_Schumacher_Edition-main\Round.cpp(445,21): warning C4018: '<': signed/unsigned mismatch
D:\CPP_VERSION_Buildup_Collin_Schumacher_Edition-main\Round.cpp(477,20): warning C4018: '<': signed/unsigned mismatch
D:\CPP_VERSION_Buildup_Collin_Schumacher_Edition-main\Round.cpp(488,20): warning C4018: '<': signed/unsigned mismatch
D:\CPP_VERSION_Buildup_Collin_Schumacher_Edition-main\Round.cpp(586,20): warning C4018: '<': signed/unsigned mismatch
D:\CPP_VERSION_Buildup_Collin_Schumacher_Edition-main\Round.cpp(611,20): warning C4018: '<': signed/unsigned mismatch
  Generating Code...
  Collin C++ OPL Project.vcxproj -> D:\CPP_VERSION_Buildup_Collin_Schumacher_Edition-main\Debug\Collin C++ OPL Project.exe
